[2021-10-27 09:22:25] [ INFO ] [Main:13] Nosso logger esta funcionando
[2021-10-27 09:28:14] [ INFO ] [Main:13] Nosso logger esta funcionando
[2021-10-27 09:28:14] [ DEBUG] [Main:14] Nosso logger esta no modo debug
[2021-10-27 09:31:21] [ INFO ] [Main:13] Logger info
[2021-10-27 09:31:21] [ DEBUG] [Main:14] Logger debug
[2021-10-27 09:31:21] [ WARN ] [Main:15] Logger warn
[2021-10-27 09:31:21] [ FATAL] [Main:16] Logger fatal
[2021-10-27 09:31:21] [ ERROR] [Main:17] Logger error
[2021-10-27 10:17:23] [ INFO ] [Main:23] Lista de números é menor que 5
[2021-10-27 10:17:23] [ INFO ] [Main:25] A média é igual a: Aula10.Media@3ada9e37
[2021-10-27 10:17:36] [ INFO ] [Main:23] Lista de números é menor que 5
[2021-10-27 10:17:36] [ INFO ] [Main:25] A média é igual a: 2.5
[2021-10-27 10:18:01] [ INFO ] [Main:23] Lista de números é menor que 5
[2021-10-27 10:18:01] [ INFO ] [Main:25] A média é igual a: 9.5
[2021-10-27 10:19:50] [ INFO ] [Main:19] Lista de números é maior que 10
[2021-10-27 10:19:50] [ INFO ] [Main:25] A média é igual a: 9.909090909090908
[2021-10-27 10:23:21] [ INFO ] [Main:22] Lista de números é maior ou igual a 10
[2021-10-27 10:23:21] [ INFO ] [Main:28] A média é igual a: 9.909090909090908
[2021-10-27 10:23:36] [ ERROR] [Main:20] A lista não tem elementos
[2021-10-27 10:23:36] [ INFO ] [Main:28] A média é igual a: NaN
[2021-10-27 10:27:42] [ ERROR] [Main:26] A lista está vazia
[2021-10-27 10:27:59] [ ERROR] [Main:26] A lista está vazia
